2025-11-13T02:27:42.140Z [INFO] [boot] ✅ server up on :3001
2025-11-13T02:27:42.152Z [INFO] [boot] Logs: data\logs\server.log
2025-11-13T02:27:42.153Z [INFO] [boot] PUBLIC_BASE_URL=https://sti-rosario-ai.onrender.com  WHATSAPP_NUMBER=5493417422422  SSE_TOKEN=(set)
2025-11-18T00:09:32.090Z [INFO] STI Chat (stable) started on 3001
2025-11-18T00:09:32.092Z [INFO] [Logs] SSE available at /api/logs/stream (use token param if SSE_TOKEN set)
2025-11-21T01:55:27.702Z [INFO] STI Chat (stable) started on 3001
2025-11-21T01:55:27.704Z [INFO] [Logs] SSE available at /api/logs/stream (use token param if SSE_TOKEN set)
2025-11-22T06:33:37.766Z [INFO] STI Chat (v7) started on 3001
2025-11-22T06:33:37.768Z [INFO] [Logs] SSE available at /api/logs/stream (use token param if SSE_TOKEN set)
2025-11-22T15:45:56.876Z [INFO] STI Chat (v7) started on 3001
2025-11-22T15:45:56.878Z [INFO] [Logs] SSE available at /api/logs/stream (use token param if SSE_TOKEN set)
2025-11-22T16:02:04.742Z [INFO] STI Chat (v7) started on 3001
2025-11-22T16:02:04.744Z [INFO] [Logs] SSE available at /api/logs/stream (use token param if SSE_TOKEN set)
2025-11-22T19:31:15.032Z [INFO] STI Chat (v7) started on 3001
2025-11-22T19:31:15.035Z [INFO] [Logs] SSE available at /api/logs/stream (use token param if SSE_TOKEN set)
2025-11-22T19:51:03.749Z [INFO] 
[SIGINT] Iniciando apagado graceful...
2025-11-22T19:51:20.307Z [INFO] STI Chat (v7) started on 3002
2025-11-22T19:51:20.310Z [INFO] [Logs] SSE available at /api/logs/stream (use token param if SSE_TOKEN set)
2025-11-22T20:14:42.666Z [INFO] 
[SIGINT] Iniciando apagado graceful...
2025-11-22T20:19:58.975Z [INFO] STI Chat (v7) started on 3002
2025-11-22T20:19:58.976Z [INFO] [Logs] SSE available at /api/logs/stream (use token param if SSE_TOKEN set)
2025-11-22T20:21:25.738Z [INFO] 
[SIGINT] Iniciando apagado graceful...
2025-11-22T20:21:35.919Z [INFO] STI Chat (v7) started on 3002
2025-11-22T20:21:35.920Z [INFO] [Logs] SSE available at /api/logs/stream (use token param if SSE_TOKEN set)
2025-11-22T20:21:48.645Z [INFO] 
[SIGINT] Iniciando apagado graceful...
2025-11-22T20:22:03.625Z [INFO] STI Chat (v7) started on 3002
2025-11-22T20:22:03.626Z [INFO] [Logs] SSE available at /api/logs/stream (use token param if SSE_TOKEN set)
2025-11-22T20:22:48.959Z [INFO] STI Chat (v7) started on 3001
2025-11-22T20:22:48.960Z [INFO] [Logs] SSE available at /api/logs/stream (use token param if SSE_TOKEN set)
2025-11-22T20:22:54.355Z [INFO] 
[SIGINT] Iniciando apagado graceful...
2025-11-22T20:37:22.088Z [INFO] 
[SIGINT] Iniciando apagado graceful...
2025-11-22T22:06:38.691Z [INFO] STI Chat (v7) started on [PHONE_REDACTED]
2025-11-22T22:06:38.692Z [INFO] [Logs] SSE available at /api/logs/stream (use token param if SSE_TOKEN set)
2025-11-22T22:06:38.693Z [INFO] [Performance] Compression enabled (gzip/brotli)
2025-11-22T22:06:38.694Z [INFO] [Performance] Session cache enabled (max [PHONE_REDACTED] sessions)
2025-11-22T22:27:58.221Z [INFO] STI Chat (v7) started on [PHONE_REDACTED]
2025-11-22T22:27:58.223Z [INFO] [Logs] SSE available at /api/logs/stream (use token param if SSE_TOKEN set)
2025-11-22T22:27:58.223Z [INFO] [Performance] Compression enabled (gzip/brotli)
2025-11-22T22:27:58.223Z [INFO] [Performance] Session cache enabled (max [PHONE_REDACTED] sessions)
2025-11-22T22:33:02.937Z [INFO] STI Chat (v7) started on [PHONE_REDACTED]
2025-11-22T22:33:02.939Z [INFO] [Logs] SSE available at /api/logs/stream (use token param if SSE_TOKEN set)
2025-11-22T22:33:02.939Z [INFO] [Performance] Compression enabled (gzip/brotli)
2025-11-22T22:33:02.939Z [INFO] [Performance] Session cache enabled (max [PHONE_REDACTED] sessions)
2025-11-22T22:36:48.459Z [INFO] 
[SIGINT] Iniciando apagado graceful...
2025-11-22T22:37:05.490Z [INFO] STI Chat (v7) started on [PHONE_REDACTED]
2025-11-22T22:37:05.491Z [INFO] [Logs] SSE available at /api/logs/stream (use token param if SSE_TOKEN set)
2025-11-22T22:37:05.491Z [INFO] [Performance] Compression enabled (gzip/brotli)
2025-11-22T22:37:05.491Z [INFO] [Performance] Session cache enabled (max [PHONE_REDACTED] sessions)
2025-11-22T22:38:38.830Z [INFO] 
[SIGINT] Iniciando apagado graceful...
2025-11-22T22:39:10.003Z [INFO] STI Chat (v7) started on [PHONE_REDACTED]
2025-11-22T22:39:10.004Z [INFO] [Logs] SSE available at /api/logs/stream (use token param if SSE_TOKEN set)
2025-11-22T22:39:10.004Z [INFO] [Performance] Compression enabled (gzip/brotli)
2025-11-22T22:39:10.004Z [INFO] [Performance] Session cache enabled (max [PHONE_REDACTED] sessions)
2025-11-22T22:43:06.895Z [INFO] STI Chat (v7) started on [PHONE_REDACTED]
2025-11-22T22:43:06.896Z [INFO] [Logs] SSE available at /api/logs/stream (use token param if SSE_TOKEN set)
2025-11-22T22:43:06.897Z [INFO] [Performance] Compression enabled (gzip/brotli)
2025-11-22T22:43:06.897Z [INFO] [Performance] Session cache enabled (max [PHONE_REDACTED] sessions)
2025-11-22T22:46:16.954Z [INFO] 
[SIGINT] Iniciando apagado graceful...
